<?xml version="1.0" encoding="UTF-8"?>
<testng-results ignored="0" total="1" passed="1" failed="0" skipped="0">
  <reporter-output>
  </reporter-output>
  <suite started-at="2023-06-21T10:36:47 IST" name="Default suite" finished-at="2023-06-21T10:36:50 IST" duration-ms="2712">
    <groups>
    </groups>
    <test started-at="2023-06-21T10:36:47 IST" name="Default test" finished-at="2023-06-21T10:36:50 IST" duration-ms="2712">
      <class name="digitPrograms.FindThePrimeNumberFromGivenNumberTest">
        <test-method signature="primeNumberMethod()[pri:0, instance:digitPrograms.FindThePrimeNumberFromGivenNumberTest@5c671d7f]" started-at="2023-06-21T10:36:47 IST" name="primeNumberMethod" finished-at="2023-06-21T10:36:50 IST" duration-ms="2655" status="PASS">
          <reporter-output>
          </reporter-output>
        </test-method> <!-- primeNumberMethod -->
      </class> <!-- digitPrograms.FindThePrimeNumberFromGivenNumberTest -->
    </test> <!-- Default test -->
  </suite> <!-- Default suite -->
</testng-results>
